<?xml version="1.0" encoding="UTF-8"?>
<!-- Generated by org.testng.reporters.JUnitXMLReporter -->
<testsuite ignored="4" hostname="Nikhil" failures="0" tests="3" name="Test" time="36.026" errors="0" timestamp="2024-01-25T13:53:03 IST">
  <testcase classname="com.testScripts.TC001_Search_Test" name="searchTest" time="3.132"/>
  <testcase classname="com.testScripts.TC003_RemoveFromCart_Test" name="removeProductFromCart" time="5.831"/>
  <testcase classname="com.testScripts.TC002_AddToCart_Test" name="addProductToCart" time="3.815"/>
  <testcase classname="com.generic_Library.BaseTest_2" name="@BeforeSuite reportConfiguration" time="0.0">
    <ignored/>
  </testcase> <!-- @BeforeSuite reportConfiguration -->
  <testcase classname="com.generic_Library.BaseTest_2" name="@AfterSuite flushReport" time="0.0">
    <ignored/>
  </testcase> <!-- @AfterSuite flushReport -->
  <testcase classname="com.generic_Library.BaseTest_2" name="@BeforeSuite reportConfiguration" time="0.0">
    <ignored/>
  </testcase> <!-- @BeforeSuite reportConfiguration -->
  <testcase classname="com.generic_Library.BaseTest_2" name="@AfterSuite flushReport" time="0.0">
    <ignored/>
  </testcase> <!-- @AfterSuite flushReport -->
</testsuite> <!-- Test -->
