<?xml version="1.0" encoding="UTF-8"?>
<!-- Generated by org.testng.reporters.JUnitXMLReporter -->
<testsuite ignored="0" hostname="Nikhil" failures="0" tests="1" name="Test1" time="9.323" errors="0" timestamp="2024-01-24T18:17:08 IST">
  <testcase classname="com.generic_Library.Base_Test" name="@BeforeTest startTest" time="0.0">
    <failure type="java.lang.NullPointerException" message="Cannot invoke &amp;quot;com.relevantcodes.extentreports.ExtentReports.startTest(String)&amp;quot; because &amp;quot;this.report&amp;quot; is null">
      <![CDATA[java.lang.NullPointerException: Cannot invoke "com.relevantcodes.extentreports.ExtentReports.startTest(String)" because "this.report" is null
at com.generic_Library.Base_Test.startTest(Base_Test.java:38)
... Removed 24 stack frames]]>
    </failure>
  </testcase> <!-- @BeforeTest startTest -->
  <testcase classname="com.generic_Library.Base_Test" name="@AfterTest endTest" time="0.0">
    <skipped/>
  </testcase> <!-- @AfterTest endTest -->
  <testcase classname="com.testScripts.TC001_Search_Test" name="searchTest" time="0.0">
    <skipped/>
  </testcase> <!-- searchTest -->
</testsuite> <!-- Test1 -->
